<?xml version="1.0" encoding="UTF-8"?>
<coverage generated="1680807324307" clover="3.2.0">
  <project timestamp="1680807324307" name="All files">
    <metrics statements="125" coveredstatements="64" conditionals="49" coveredconditionals="29" methods="38" coveredmethods="14" elements="212" coveredelements="107" complexity="0" loc="125" ncloc="125" packages="1" files="3" classes="3"/>
    <file name="minterm.js" path="/mnt/c/Users/Daska/Documents/GitHub/IndvPrj/modules/minterm.js">
      <metrics statements="30" coveredstatements="22" conditionals="15" coveredconditionals="12" methods="11" coveredmethods="7"/>
      <line num="11" count="128" type="stmt"/>
      <line num="12" count="128" type="stmt"/>
      <line num="13" count="128" type="stmt"/>
      <line num="15" count="128" type="stmt"/>
      <line num="22" count="0" type="stmt"/>
      <line num="23" count="0" type="stmt"/>
      <line num="31" count="134" type="cond" truecount="1" falsecount="1"/>
      <line num="32" count="0" type="stmt"/>
      <line num="35" count="134" type="stmt"/>
      <line num="38" count="40" type="stmt"/>
      <line num="46" count="0" type="stmt"/>
      <line num="53" count="0" type="stmt"/>
      <line num="60" count="111" type="stmt"/>
      <line num="67" count="120" type="stmt"/>
      <line num="71" count="0" type="stmt"/>
      <line num="80" count="153" type="cond" truecount="1" falsecount="1"/>
      <line num="81" count="0" type="stmt"/>
      <line num="85" count="153" type="cond" truecount="3" falsecount="1"/>
      <line num="86" count="158" type="stmt"/>
      <line num="87" count="0" type="stmt"/>
      <line num="91" count="153" type="stmt"/>
      <line num="92" count="153" type="stmt"/>
      <line num="95" count="153" type="stmt"/>
      <line num="98" count="496" type="cond" truecount="2" falsecount="0"/>
      <line num="99" count="246" type="stmt"/>
      <line num="100" count="246" type="stmt"/>
      <line num="105" count="250" type="stmt"/>
      <line num="109" count="496" type="cond" truecount="2" falsecount="0"/>
      <line num="110" count="93" type="stmt"/>
      <line num="114" count="60" type="stmt"/>
    </file>
    <file name="qm.js" path="/mnt/c/Users/Daska/Documents/GitHub/IndvPrj/modules/qm.js">
      <metrics statements="80" coveredstatements="32" conditionals="28" coveredconditionals="13" methods="17" coveredmethods="3"/>
      <line num="15" count="0" type="stmt"/>
      <line num="17" count="0" type="stmt"/>
      <line num="19" count="0" type="stmt"/>
      <line num="21" count="0" type="stmt"/>
      <line num="23" count="0" type="stmt"/>
      <line num="26" count="0" type="cond" truecount="0" falsecount="2"/>
      <line num="27" count="0" type="stmt"/>
      <line num="33" count="0" type="stmt"/>
      <line num="34" count="0" type="stmt"/>
      <line num="35" count="0" type="stmt"/>
      <line num="39" count="0" type="stmt"/>
      <line num="40" count="0" type="stmt"/>
      <line num="43" count="0" type="stmt"/>
      <line num="48" count="0" type="stmt"/>
      <line num="53" count="0" type="stmt"/>
      <line num="61" count="20" type="cond" truecount="2" falsecount="0"/>
      <line num="62" count="4" type="stmt"/>
      <line num="67" count="16" type="stmt"/>
      <line num="68" count="16" type="stmt"/>
      <line num="69" count="16" type="stmt"/>
      <line num="70" count="16" type="stmt"/>
      <line num="71" count="40" type="stmt"/>
      <line num="75" count="16" type="stmt"/>
      <line num="76" count="40" type="stmt"/>
      <line num="77" count="40" type="stmt"/>
      <line num="80" count="40" type="stmt"/>
      <line num="81" count="72" type="stmt"/>
      <line num="83" count="153" type="stmt"/>
      <line num="88" count="153" type="cond" truecount="2" falsecount="0"/>
      <line num="89" count="60" type="stmt"/>
      <line num="90" count="60" type="stmt"/>
      <line num="91" count="60" type="cond" truecount="2" falsecount="0"/>
      <line num="92" count="50" type="stmt"/>
      <line num="100" count="16" type="stmt"/>
      <line num="101" count="56" type="stmt"/>
      <line num="102" count="84" type="cond" truecount="4" falsecount="0"/>
      <line num="103" count="17" type="stmt"/>
      <line num="109" count="16" type="stmt"/>
      <line num="110" count="27" type="cond" truecount="3" falsecount="1"/>
      <line num="111" count="27" type="stmt"/>
      <line num="115" count="16" type="stmt"/>
      <line num="120" count="0" type="stmt"/>
      <line num="122" count="0" type="stmt"/>
      <line num="123" count="0" type="stmt"/>
      <line num="125" count="0" type="stmt"/>
      <line num="127" count="0" type="stmt"/>
      <line num="128" count="0" type="cond" truecount="0" falsecount="2"/>
      <line num="129" count="0" type="stmt"/>
      <line num="134" count="0" type="stmt"/>
      <line num="138" count="0" type="stmt"/>
      <line num="141" count="0" type="stmt"/>
      <line num="142" count="0" type="cond" truecount="0" falsecount="2"/>
      <line num="143" count="0" type="stmt"/>
      <line num="144" count="0" type="cond" truecount="0" falsecount="2"/>
      <line num="145" count="0" type="stmt"/>
      <line num="147" count="0" type="stmt"/>
      <line num="151" count="0" type="stmt"/>
      <line num="155" count="0" type="stmt"/>
      <line num="157" count="0" type="stmt"/>
      <line num="158" count="0" type="stmt"/>
      <line num="159" count="0" type="cond" truecount="0" falsecount="2"/>
      <line num="163" count="0" type="stmt"/>
      <line num="168" count="0" type="stmt"/>
      <line num="173" count="0" type="stmt"/>
      <line num="174" count="0" type="stmt"/>
      <line num="177" count="0" type="stmt"/>
      <line num="179" count="0" type="stmt"/>
      <line num="180" count="0" type="stmt"/>
      <line num="181" count="0" type="stmt"/>
      <line num="182" count="0" type="stmt"/>
      <line num="186" count="0" type="stmt"/>
      <line num="187" count="0" type="stmt"/>
      <line num="190" count="0" type="cond" truecount="0" falsecount="2"/>
      <line num="191" count="0" type="stmt"/>
      <line num="200" count="40" type="stmt"/>
      <line num="202" count="8" type="stmt"/>
      <line num="203" count="68" type="stmt"/>
      <line num="204" count="68" type="stmt"/>
      <line num="205" count="68" type="stmt"/>
      <line num="208" count="8" type="stmt"/>
    </file>
    <file name="util.js" path="/mnt/c/Users/Daska/Documents/GitHub/IndvPrj/modules/util.js">
      <metrics statements="15" coveredstatements="10" conditionals="6" coveredconditionals="4" methods="10" coveredmethods="4"/>
      <line num="9" count="0" type="stmt"/>
      <line num="13" count="68" type="stmt"/>
      <line num="14" count="78" type="stmt"/>
      <line num="15" count="68" type="stmt"/>
      <line num="19" count="272" type="stmt"/>
      <line num="23" count="0" type="stmt"/>
      <line num="33" count="104" type="stmt"/>
      <line num="34" count="134" type="cond" truecount="1" falsecount="1"/>
      <line num="35" count="0" type="stmt"/>
      <line num="38" count="134" type="cond" truecount="1" falsecount="1"/>
      <line num="39" count="134" type="cond" truecount="2" falsecount="0"/>
      <line num="40" count="10" type="stmt"/>
      <line num="44" count="94" type="stmt"/>
      <line num="48" count="0" type="stmt"/>
      <line num="49" count="0" type="stmt"/>
    </file>
  </project>
</coverage>
