{"/mnt/c/Users/Daska/Documents/GitHub/IndvPrj/modules/minterm.js": {"path":"/mnt/c/Users/Daska/Documents/GitHub/IndvPrj/modules/minterm.js","statementMap":{"0":{"start":{"line":12,"column":2},"end":{"line":12,"column":42}},"1":{"start":{"line":13,"column":2},"end":{"line":13,"column":27}},"2":{"start":{"line":14,"column":2},"end":{"line":14,"column":20}},"3":{"start":{"line":16,"column":2},"end":{"line":16,"column":27}},"4":{"start":{"line":23,"column":15},"end":{"line":23,"column":43}},"5":{"start":{"line":24,"column":2},"end":{"line":24,"column":43}},"6":{"start":{"line":31,"column":2},"end":{"line":33,"column":3}},"7":{"start":{"line":32,"column":3},"end":{"line":32,"column":16}},"8":{"start":{"line":35,"column":2},"end":{"line":41,"column":4}},"9":{"start":{"line":39,"column":4},"end":{"line":39,"column":41}},"10":{"start":{"line":48,"column":2},"end":{"line":48,"column":27}},"11":{"start":{"line":55,"column":2},"end":{"line":55,"column":23}},"12":{"start":{"line":62,"column":2},"end":{"line":62,"column":19}},"13":{"start":{"line":69,"column":2},"end":{"line":69,"column":19}},"14":{"start":{"line":73,"column":2},"end":{"line":73,"column":42}},"15":{"start":{"line":81,"column":2},"end":{"line":83,"column":3}},"16":{"start":{"line":82,"column":3},"end":{"line":82,"column":15}},"17":{"start":{"line":86,"column":2},"end":{"line":93,"column":3}},"18":{"start":{"line":89,"column":4},"end":{"line":89,"column":41}},"19":{"start":{"line":92,"column":3},"end":{"line":92,"column":15}},"20":{"start":{"line":96,"column":13},"end":{"line":96,"column":14}},"21":{"start":{"line":97,"column":15},"end":{"line":97,"column":17}},"22":{"start":{"line":100,"column":2},"end":{"line":116,"column":3}},"23":{"start":{"line":102,"column":3},"end":{"line":110,"column":4}},"24":{"start":{"line":103,"column":4},"end":{"line":103,"column":14}},"25":{"start":{"line":104,"column":4},"end":{"line":104,"column":18}},"26":{"start":{"line":109,"column":4},"end":{"line":109,"column":38}},"27":{"start":{"line":113,"column":3},"end":{"line":115,"column":4}},"28":{"start":{"line":114,"column":4},"end":{"line":114,"column":16}},"29":{"start":{"line":118,"column":2},"end":{"line":118,"column":77}}},"fnMap":{"0":{"name":"(anonymous_0)","decl":{"start":{"line":11,"column":1},"end":{"line":11,"column":2}},"loc":{"start":{"line":11,"column":37},"end":{"line":17,"column":2}},"line":11},"1":{"name":"(anonymous_1)","decl":{"start":{"line":22,"column":1},"end":{"line":22,"column":2}},"loc":{"start":{"line":22,"column":12},"end":{"line":25,"column":2}},"line":22},"2":{"name":"(anonymous_2)","decl":{"start":{"line":30,"column":1},"end":{"line":30,"column":2}},"loc":{"start":{"line":30,"column":17},"end":{"line":42,"column":2}},"line":30},"3":{"name":"(anonymous_3)","decl":{"start":{"line":38,"column":27},"end":{"line":38,"column":28}},"loc":{"start":{"line":38,"column":43},"end":{"line":40,"column":4}},"line":38},"4":{"name":"(anonymous_4)","decl":{"start":{"line":47,"column":1},"end":{"line":47,"column":2}},"loc":{"start":{"line":47,"column":13},"end":{"line":49,"column":2}},"line":47},"5":{"name":"(anonymous_5)","decl":{"start":{"line":54,"column":1},"end":{"line":54,"column":2}},"loc":{"start":{"line":54,"column":12},"end":{"line":56,"column":2}},"line":54},"6":{"name":"(anonymous_6)","decl":{"start":{"line":61,"column":1},"end":{"line":61,"column":2}},"loc":{"start":{"line":61,"column":10},"end":{"line":63,"column":2}},"line":61},"7":{"name":"(anonymous_7)","decl":{"start":{"line":68,"column":1},"end":{"line":68,"column":2}},"loc":{"start":{"line":68,"column":7},"end":{"line":70,"column":2}},"line":68},"8":{"name":"(anonymous_8)","decl":{"start":{"line":72,"column":1},"end":{"line":72,"column":2}},"loc":{"start":{"line":72,"column":18},"end":{"line":74,"column":2}},"line":72},"9":{"name":"(anonymous_9)","decl":{"start":{"line":79,"column":1},"end":{"line":79,"column":2}},"loc":{"start":{"line":79,"column":18},"end":{"line":119,"column":2}},"line":79},"10":{"name":"(anonymous_10)","decl":{"start":{"line":88,"column":27},"end":{"line":88,"column":28}},"loc":{"start":{"line":88,"column":43},"end":{"line":90,"column":4}},"line":88}},"branchMap":{"0":{"loc":{"start":{"line":31,"column":2},"end":{"line":33,"column":3}},"type":"if","locations":[{"start":{"line":31,"column":2},"end":{"line":33,"column":3}},{"start":{},"end":{}}],"line":31},"1":{"loc":{"start":{"line":36,"column":3},"end":{"line":40,"column":5}},"type":"binary-expr","locations":[{"start":{"line":36,"column":3},"end":{"line":36,"column":36}},{"start":{"line":37,"column":3},"end":{"line":37,"column":58}},{"start":{"line":38,"column":3},"end":{"line":40,"column":5}}],"line":36},"2":{"loc":{"start":{"line":81,"column":2},"end":{"line":83,"column":3}},"type":"if","locations":[{"start":{"line":81,"column":2},"end":{"line":83,"column":3}},{"start":{},"end":{}}],"line":81},"3":{"loc":{"start":{"line":86,"column":2},"end":{"line":93,"column":3}},"type":"if","locations":[{"start":{"line":86,"column":2},"end":{"line":93,"column":3}},{"start":{},"end":{}}],"line":86},"4":{"loc":{"start":{"line":87,"column":3},"end":{"line":90,"column":5}},"type":"binary-expr","locations":[{"start":{"line":87,"column":3},"end":{"line":87,"column":58}},{"start":{"line":88,"column":3},"end":{"line":90,"column":5}}],"line":87},"5":{"loc":{"start":{"line":102,"column":3},"end":{"line":110,"column":4}},"type":"if","locations":[{"start":{"line":102,"column":3},"end":{"line":110,"column":4}},{"start":{"line":108,"column":8},"end":{"line":110,"column":4}}],"line":102},"6":{"loc":{"start":{"line":113,"column":3},"end":{"line":115,"column":4}},"type":"if","locations":[{"start":{"line":113,"column":3},"end":{"line":115,"column":4}},{"start":{},"end":{}}],"line":113}},"s":{"0":128,"1":128,"2":128,"3":128,"4":0,"5":0,"6":134,"7":0,"8":134,"9":40,"10":0,"11":0,"12":111,"13":120,"14":0,"15":153,"16":0,"17":153,"18":158,"19":0,"20":153,"21":153,"22":153,"23":496,"24":246,"25":246,"26":250,"27":496,"28":93,"29":60},"f":{"0":128,"1":0,"2":134,"3":40,"4":0,"5":0,"6":111,"7":120,"8":0,"9":153,"10":158},"b":{"0":[0,134],"1":[134,10,10],"2":[0,153],"3":[0,153],"4":[153,153],"5":[246,250],"6":[93,403]},"_coverageSchema":"1a1c01bbd47fc00a2c39e90264f33305004495a9","hash":"1d1aac470b945a0f7d80588a9cf2b8d59230c695"}
,"/mnt/c/Users/Daska/Documents/GitHub/IndvPrj/modules/qm.js": {"path":"/mnt/c/Users/Daska/Documents/GitHub/IndvPrj/modules/qm.js","statementMap":{"0":{"start":{"line":15,"column":21},"end":{"line":15,"column":78}},"1":{"start":{"line":17,"column":23},"end":{"line":17,"column":56}},"2":{"start":{"line":19,"column":1},"end":{"line":19,"column":30}},"3":{"start":{"line":21,"column":15},"end":{"line":21,"column":63}},"4":{"start":{"line":23,"column":32},"end":{"line":23,"column":72}},"5":{"start":{"line":26,"column":1},"end":{"line":28,"column":2}},"6":{"start":{"line":27,"column":2},"end":{"line":27,"column":34}},"7":{"start":{"line":33,"column":1},"end":{"line":37,"column":4}},"8":{"start":{"line":34,"column":2},"end":{"line":36,"column":5}},"9":{"start":{"line":35,"column":3},"end":{"line":35,"column":24}},"10":{"start":{"line":39,"column":22},"end":{"line":41,"column":3}},"11":{"start":{"line":40,"column":2},"end":{"line":40,"column":23}},"12":{"start":{"line":43,"column":32},"end":{"line":46,"column":2}},"13":{"start":{"line":48,"column":22},"end":{"line":51,"column":2}},"14":{"start":{"line":53,"column":1},"end":{"line":53,"column":56}},"15":{"start":{"line":61,"column":1},"end":{"line":116,"column":2}},"16":{"start":{"line":62,"column":2},"end":{"line":62,"column":19}},"17":{"start":{"line":67,"column":15},"end":{"line":67,"column":17}},"18":{"start":{"line":68,"column":20},"end":{"line":68,"column":56}},"19":{"start":{"line":69,"column":18},"end":{"line":69,"column":20}},"20":{"start":{"line":70,"column":2},"end":{"line":72,"column":3}},"21":{"start":{"line":71,"column":3},"end":{"line":71,"column":22}},"22":{"start":{"line":75,"column":2},"end":{"line":97,"column":3}},"23":{"start":{"line":76,"column":16},"end":{"line":76,"column":31}},"24":{"start":{"line":77,"column":16},"end":{"line":77,"column":35}},"25":{"start":{"line":80,"column":3},"end":{"line":96,"column":4}},"26":{"start":{"line":81,"column":4},"end":{"line":95,"column":5}},"27":{"start":{"line":83,"column":17},"end":{"line":83,"column":37}},"28":{"start":{"line":88,"column":5},"end":{"line":94,"column":6}},"29":{"start":{"line":89,"column":6},"end":{"line":89,"column":18}},"30":{"start":{"line":90,"column":6},"end":{"line":90,"column":18}},"31":{"start":{"line":91,"column":6},"end":{"line":93,"column":7}},"32":{"start":{"line":92,"column":7},"end":{"line":92,"column":38}},"33":{"start":{"line":100,"column":2},"end":{"line":106,"column":3}},"34":{"start":{"line":101,"column":3},"end":{"line":105,"column":4}},"35":{"start":{"line":102,"column":4},"end":{"line":104,"column":5}},"36":{"start":{"line":103,"column":5},"end":{"line":103,"column":23}},"37":{"start":{"line":109,"column":2},"end":{"line":113,"column":3}},"38":{"start":{"line":110,"column":3},"end":{"line":112,"column":4}},"39":{"start":{"line":111,"column":4},"end":{"line":111,"column":22}},"40":{"start":{"line":115,"column":2},"end":{"line":115,"column":16}},"41":{"start":{"line":123,"column":15},"end":{"line":123,"column":17}},"42":{"start":{"line":125,"column":1},"end":{"line":135,"column":2}},"43":{"start":{"line":125,"column":14},"end":{"line":125,"column":15}},"44":{"start":{"line":126,"column":13},"end":{"line":126,"column":21}},"45":{"start":{"line":128,"column":2},"end":{"line":128,"column":21}},"46":{"start":{"line":130,"column":2},"end":{"line":134,"column":5}},"47":{"start":{"line":131,"column":3},"end":{"line":133,"column":4}},"48":{"start":{"line":132,"column":4},"end":{"line":132,"column":27}},"49":{"start":{"line":137,"column":1},"end":{"line":137,"column":16}},"50":{"start":{"line":144,"column":32},"end":{"line":144,"column":34}},"51":{"start":{"line":147,"column":1},"end":{"line":155,"column":2}},"52":{"start":{"line":148,"column":2},"end":{"line":154,"column":3}},"53":{"start":{"line":149,"column":13},"end":{"line":149,"column":25}},"54":{"start":{"line":150,"column":3},"end":{"line":152,"column":4}},"55":{"start":{"line":151,"column":4},"end":{"line":151,"column":39}},"56":{"start":{"line":153,"column":3},"end":{"line":153,"column":24}},"57":{"start":{"line":157,"column":1},"end":{"line":157,"column":33}},"58":{"start":{"line":164,"column":32},"end":{"line":164,"column":34}},"59":{"start":{"line":166,"column":1},"end":{"line":175,"column":2}},"60":{"start":{"line":167,"column":2},"end":{"line":174,"column":5}},"61":{"start":{"line":168,"column":3},"end":{"line":173,"column":4}},"62":{"start":{"line":172,"column":4},"end":{"line":172,"column":38}},"63":{"start":{"line":177,"column":1},"end":{"line":177,"column":33}},"64":{"start":{"line":185,"column":23},"end":{"line":187,"column":3}},"65":{"start":{"line":186,"column":2},"end":{"line":186,"column":29}},"66":{"start":{"line":189,"column":1},"end":{"line":205,"column":2}},"67":{"start":{"line":191,"column":21},"end":{"line":191,"column":30}},"68":{"start":{"line":192,"column":2},"end":{"line":195,"column":5}},"69":{"start":{"line":193,"column":18},"end":{"line":193,"column":32}},"70":{"start":{"line":194,"column":3},"end":{"line":194,"column":54}},"71":{"start":{"line":194,"column":30},"end":{"line":194,"column":52}},"72":{"start":{"line":198,"column":15},"end":{"line":200,"column":4}},"73":{"start":{"line":199,"column":3},"end":{"line":199,"column":33}},"74":{"start":{"line":202,"column":2},"end":{"line":204,"column":3}},"75":{"start":{"line":203,"column":3},"end":{"line":203,"column":15}},"76":{"start":{"line":212,"column":14},"end":{"line":212,"column":70}},"77":{"start":{"line":212,"column":67},"end":{"line":212,"column":69}},"78":{"start":{"line":214,"column":1},"end":{"line":218,"column":2}},"79":{"start":{"line":215,"column":15},"end":{"line":215,"column":46}},"80":{"start":{"line":216,"column":16},"end":{"line":216,"column":39}},"81":{"start":{"line":217,"column":2},"end":{"line":217,"column":48}},"82":{"start":{"line":220,"column":1},"end":{"line":220,"column":15}}},"fnMap":{"0":{"name":"getEssentialPrimeImplicants","decl":{"start":{"line":14,"column":16},"end":{"line":14,"column":43}},"loc":{"start":{"line":14,"column":68},"end":{"line":54,"column":1}},"line":14},"1":{"name":"(anonymous_1)","decl":{"start":{"line":33,"column":34},"end":{"line":33,"column":35}},"loc":{"start":{"line":33,"column":43},"end":{"line":37,"column":2}},"line":33},"2":{"name":"(anonymous_2)","decl":{"start":{"line":34,"column":26},"end":{"line":34,"column":27}},"loc":{"start":{"line":34,"column":36},"end":{"line":36,"column":3}},"line":34},"3":{"name":"(anonymous_3)","decl":{"start":{"line":39,"column":47},"end":{"line":39,"column":48}},"loc":{"start":{"line":39,"column":56},"end":{"line":41,"column":2}},"line":39},"4":{"name":"getPrimeImplicants","decl":{"start":{"line":59,"column":16},"end":{"line":59,"column":34}},"loc":{"start":{"line":59,"column":43},"end":{"line":117,"column":1}},"line":59},"5":{"name":"buildPrimeImplicantTable","decl":{"start":{"line":122,"column":9},"end":{"line":122,"column":33}},"loc":{"start":{"line":122,"column":58},"end":{"line":138,"column":1}},"line":122},"6":{"name":"(anonymous_6)","decl":{"start":{"line":130,"column":26},"end":{"line":130,"column":27}},"loc":{"start":{"line":130,"column":34},"end":{"line":134,"column":3}},"line":130},"7":{"name":"initialEssentialPrimeImplicants","decl":{"start":{"line":143,"column":9},"end":{"line":143,"column":40}},"loc":{"start":{"line":143,"column":50},"end":{"line":158,"column":1}},"line":143},"8":{"name":"getRemainingPrimeImplicants","decl":{"start":{"line":163,"column":9},"end":{"line":163,"column":36}},"loc":{"start":{"line":163,"column":72},"end":{"line":178,"column":1}},"line":163},"9":{"name":"(anonymous_9)","decl":{"start":{"line":167,"column":20},"end":{"line":167,"column":21}},"loc":{"start":{"line":167,"column":28},"end":{"line":174,"column":3}},"line":167},"10":{"name":"coverUnusedTerms","decl":{"start":{"line":183,"column":9},"end":{"line":183,"column":25}},"loc":{"start":{"line":183,"column":68},"end":{"line":206,"column":1}},"line":183},"11":{"name":"(anonymous_11)","decl":{"start":{"line":185,"column":68},"end":{"line":185,"column":69}},"loc":{"start":{"line":185,"column":78},"end":{"line":187,"column":2}},"line":185},"12":{"name":"(anonymous_12)","decl":{"start":{"line":192,"column":15},"end":{"line":192,"column":16}},"loc":{"start":{"line":192,"column":23},"end":{"line":195,"column":3}},"line":192},"13":{"name":"(anonymous_13)","decl":{"start":{"line":194,"column":20},"end":{"line":194,"column":21}},"loc":{"start":{"line":194,"column":30},"end":{"line":194,"column":52}},"line":194},"14":{"name":"(anonymous_14)","decl":{"start":{"line":198,"column":36},"end":{"line":198,"column":37}},"loc":{"start":{"line":198,"column":46},"end":{"line":200,"column":3}},"line":198},"15":{"name":"createInitialGroups","decl":{"start":{"line":211,"column":16},"end":{"line":211,"column":35}},"loc":{"start":{"line":211,"column":57},"end":{"line":221,"column":1}},"line":211},"16":{"name":"(anonymous_16)","decl":{"start":{"line":212,"column":61},"end":{"line":212,"column":62}},"loc":{"start":{"line":212,"column":67},"end":{"line":212,"column":69}},"line":212}},"branchMap":{"0":{"loc":{"start":{"line":26,"column":1},"end":{"line":28,"column":2}},"type":"if","locations":[{"start":{"line":26,"column":1},"end":{"line":28,"column":2}},{"start":{},"end":{}}],"line":26},"1":{"loc":{"start":{"line":61,"column":1},"end":{"line":116,"column":2}},"type":"if","locations":[{"start":{"line":61,"column":1},"end":{"line":116,"column":2}},{"start":{"line":66,"column":6},"end":{"line":116,"column":2}}],"line":61},"2":{"loc":{"start":{"line":88,"column":5},"end":{"line":94,"column":6}},"type":"if","locations":[{"start":{"line":88,"column":5},"end":{"line":94,"column":6}},{"start":{},"end":{}}],"line":88},"3":{"loc":{"start":{"line":91,"column":6},"end":{"line":93,"column":7}},"type":"if","locations":[{"start":{"line":91,"column":6},"end":{"line":93,"column":7}},{"start":{},"end":{}}],"line":91},"4":{"loc":{"start":{"line":102,"column":4},"end":{"line":104,"column":5}},"type":"if","locations":[{"start":{"line":102,"column":4},"end":{"line":104,"column":5}},{"start":{},"end":{}}],"line":102},"5":{"loc":{"start":{"line":102,"column":8},"end":{"line":102,"column":48}},"type":"binary-expr","locations":[{"start":{"line":102,"column":8},"end":{"line":102,"column":22}},{"start":{"line":102,"column":26},"end":{"line":102,"column":48}}],"line":102},"6":{"loc":{"start":{"line":110,"column":3},"end":{"line":112,"column":4}},"type":"if","locations":[{"start":{"line":110,"column":3},"end":{"line":112,"column":4}},{"start":{},"end":{}}],"line":110},"7":{"loc":{"start":{"line":110,"column":7},"end":{"line":110,"column":47}},"type":"binary-expr","locations":[{"start":{"line":110,"column":7},"end":{"line":110,"column":21}},{"start":{"line":110,"column":25},"end":{"line":110,"column":47}}],"line":110},"8":{"loc":{"start":{"line":131,"column":3},"end":{"line":133,"column":4}},"type":"if","locations":[{"start":{"line":131,"column":3},"end":{"line":133,"column":4}},{"start":{},"end":{}}],"line":131},"9":{"loc":{"start":{"line":148,"column":2},"end":{"line":154,"column":3}},"type":"if","locations":[{"start":{"line":148,"column":2},"end":{"line":154,"column":3}},{"start":{},"end":{}}],"line":148},"10":{"loc":{"start":{"line":150,"column":3},"end":{"line":152,"column":4}},"type":"if","locations":[{"start":{"line":150,"column":3},"end":{"line":152,"column":4}},{"start":{},"end":{}}],"line":150},"11":{"loc":{"start":{"line":168,"column":3},"end":{"line":173,"column":4}},"type":"if","locations":[{"start":{"line":168,"column":3},"end":{"line":173,"column":4}},{"start":{},"end":{}}],"line":168},"12":{"loc":{"start":{"line":169,"column":4},"end":{"line":170,"column":42}},"type":"binary-expr","locations":[{"start":{"line":169,"column":4},"end":{"line":169,"column":42}},{"start":{"line":170,"column":4},"end":{"line":170,"column":42}}],"line":169},"13":{"loc":{"start":{"line":202,"column":2},"end":{"line":204,"column":3}},"type":"if","locations":[{"start":{"line":202,"column":2},"end":{"line":204,"column":3}},{"start":{},"end":{}}],"line":202}},"s":{"0":0,"1":0,"2":0,"3":0,"4":0,"5":0,"6":0,"7":0,"8":0,"9":0,"10":0,"11":0,"12":0,"13":0,"14":0,"15":20,"16":4,"17":16,"18":16,"19":16,"20":16,"21":40,"22":16,"23":40,"24":40,"25":40,"26":72,"27":153,"28":153,"29":60,"30":60,"31":60,"32":50,"33":16,"34":56,"35":84,"36":17,"37":16,"38":27,"39":27,"40":16,"41":0,"42":0,"43":0,"44":0,"45":0,"46":0,"47":0,"48":0,"49":0,"50":0,"51":0,"52":0,"53":0,"54":0,"55":0,"56":0,"57":0,"58":0,"59":0,"60":0,"61":0,"62":0,"63":0,"64":0,"65":0,"66":0,"67":0,"68":0,"69":0,"70":0,"71":0,"72":0,"73":0,"74":0,"75":0,"76":8,"77":40,"78":8,"79":68,"80":68,"81":68,"82":8},"f":{"0":0,"1":0,"2":0,"3":0,"4":20,"5":0,"6":0,"7":0,"8":0,"9":0,"10":0,"11":0,"12":0,"13":0,"14":0,"15":8,"16":40},"b":{"0":[0,0],"1":[4,16],"2":[60,93],"3":[50,10],"4":[17,67],"5":[84,17],"6":[27,0],"7":[27,27],"8":[0,0],"9":[0,0],"10":[0,0],"11":[0,0],"12":[0,0],"13":[0,0]},"_coverageSchema":"1a1c01bbd47fc00a2c39e90264f33305004495a9","hash":"1464dce22868441e5ff2d9f8424c5782f572a497"}
,"/mnt/c/Users/Daska/Documents/GitHub/IndvPrj/modules/util.js": {"path":"/mnt/c/Users/Daska/Documents/GitHub/IndvPrj/modules/util.js","statementMap":{"0":{"start":{"line":7,"column":9},"end":{"line":7,"column":34}},"1":{"start":{"line":8,"column":1},"end":{"line":8,"column":54}},"2":{"start":{"line":8,"column":14},"end":{"line":8,"column":22}},"3":{"start":{"line":8,"column":42},"end":{"line":8,"column":54}},"4":{"start":{"line":9,"column":1},"end":{"line":9,"column":10}},"5":{"start":{"line":16,"column":1},"end":{"line":16,"column":34}},"6":{"start":{"line":23,"column":1},"end":{"line":23,"column":64}},"7":{"start":{"line":23,"column":44},"end":{"line":23,"column":55}},"8":{"start":{"line":30,"column":1},"end":{"line":30,"column":62}},"9":{"start":{"line":30,"column":36},"end":{"line":30,"column":46}},"10":{"start":{"line":37,"column":1},"end":{"line":47,"column":2}},"11":{"start":{"line":38,"column":2},"end":{"line":40,"column":3}},"12":{"start":{"line":39,"column":3},"end":{"line":39,"column":15}},"13":{"start":{"line":42,"column":2},"end":{"line":46,"column":3}},"14":{"start":{"line":43,"column":3},"end":{"line":45,"column":4}},"15":{"start":{"line":44,"column":4},"end":{"line":44,"column":16}},"16":{"start":{"line":48,"column":1},"end":{"line":48,"column":14}},"17":{"start":{"line":55,"column":1},"end":{"line":58,"column":3}},"18":{"start":{"line":56,"column":22},"end":{"line":56,"column":75}},"19":{"start":{"line":56,"column":58},"end":{"line":56,"column":73}}},"fnMap":{"0":{"name":"getBits","decl":{"start":{"line":6,"column":16},"end":{"line":6,"column":23}},"loc":{"start":{"line":6,"column":40},"end":{"line":10,"column":1}},"line":6},"1":{"name":"decToBin","decl":{"start":{"line":15,"column":16},"end":{"line":15,"column":24}},"loc":{"start":{"line":15,"column":32},"end":{"line":17,"column":1}},"line":15},"2":{"name":"countOnesInBinary","decl":{"start":{"line":22,"column":16},"end":{"line":22,"column":33}},"loc":{"start":{"line":22,"column":45},"end":{"line":24,"column":1}},"line":22},"3":{"name":"(anonymous_3)","decl":{"start":{"line":23,"column":35},"end":{"line":23,"column":36}},"loc":{"start":{"line":23,"column":44},"end":{"line":23,"column":55}},"line":23},"4":{"name":"interleave","decl":{"start":{"line":29,"column":16},"end":{"line":29,"column":26}},"loc":{"start":{"line":29,"column":39},"end":{"line":31,"column":1}},"line":29},"5":{"name":"(anonymous_5)","decl":{"start":{"line":30,"column":29},"end":{"line":30,"column":30}},"loc":{"start":{"line":30,"column":36},"end":{"line":30,"column":46}},"line":30},"6":{"name":"valueIn","decl":{"start":{"line":36,"column":16},"end":{"line":36,"column":23}},"loc":{"start":{"line":36,"column":38},"end":{"line":49,"column":1}},"line":36},"7":{"name":"getAllSubsets","decl":{"start":{"line":54,"column":16},"end":{"line":54,"column":29}},"loc":{"start":{"line":54,"column":37},"end":{"line":59,"column":1}},"line":54},"8":{"name":"(anonymous_8)","decl":{"start":{"line":56,"column":2},"end":{"line":56,"column":3}},"loc":{"start":{"line":56,"column":22},"end":{"line":56,"column":75}},"line":56},"9":{"name":"(anonymous_9)","decl":{"start":{"line":56,"column":49},"end":{"line":56,"column":50}},"loc":{"start":{"line":56,"column":58},"end":{"line":56,"column":73}},"line":56}},"branchMap":{"0":{"loc":{"start":{"line":38,"column":2},"end":{"line":40,"column":3}},"type":"if","locations":[{"start":{"line":38,"column":2},"end":{"line":40,"column":3}},{"start":{},"end":{}}],"line":38},"1":{"loc":{"start":{"line":42,"column":2},"end":{"line":46,"column":3}},"type":"if","locations":[{"start":{"line":42,"column":2},"end":{"line":46,"column":3}},{"start":{},"end":{}}],"line":42},"2":{"loc":{"start":{"line":43,"column":3},"end":{"line":45,"column":4}},"type":"if","locations":[{"start":{"line":43,"column":3},"end":{"line":45,"column":4}},{"start":{},"end":{}}],"line":43}},"s":{"0":68,"1":68,"2":68,"3":78,"4":68,"5":0,"6":68,"7":272,"8":0,"9":0,"10":104,"11":134,"12":0,"13":134,"14":134,"15":10,"16":94,"17":0,"18":0,"19":0},"f":{"0":68,"1":0,"2":68,"3":272,"4":0,"5":0,"6":104,"7":0,"8":0,"9":0},"b":{"0":[0,134],"1":[134,0],"2":[10,124]},"_coverageSchema":"1a1c01bbd47fc00a2c39e90264f33305004495a9","hash":"e0917886a227cad45fe0fdbeb0d9721f20cd8c58"}
}
