TN:
SF:modules/minterm.js
FN:9,(anonymous_0)
FN:21,(anonymous_1)
FN:29,(anonymous_2)
FN:38,(anonymous_3)
FN:45,(anonymous_4)
FN:52,(anonymous_5)
FN:59,(anonymous_6)
FN:66,(anonymous_7)
FN:70,(anonymous_8)
FN:77,(anonymous_9)
FN:86,(anonymous_10)
FNF:11
FNH:7
FNDA:128,(anonymous_0)
FNDA:0,(anonymous_1)
FNDA:134,(anonymous_2)
FNDA:40,(anonymous_3)
FNDA:0,(anonymous_4)
FNDA:0,(anonymous_5)
FNDA:111,(anonymous_6)
FNDA:120,(anonymous_7)
FNDA:0,(anonymous_8)
FNDA:153,(anonymous_9)
FNDA:158,(anonymous_10)
DA:11,128
DA:12,128
DA:13,128
DA:15,128
DA:22,0
DA:23,0
DA:31,134
DA:32,0
DA:35,134
DA:38,40
DA:46,0
DA:53,0
DA:60,111
DA:67,120
DA:71,0
DA:80,153
DA:81,0
DA:85,153
DA:86,158
DA:87,0
DA:91,153
DA:92,153
DA:95,153
DA:98,496
DA:99,246
DA:100,246
DA:105,250
DA:109,496
DA:110,93
DA:114,60
LF:30
LH:22
BRDA:31,0,0,0
BRDA:31,0,1,134
BRDA:36,1,0,134
BRDA:36,1,1,10
BRDA:36,1,2,10
BRDA:80,2,0,0
BRDA:80,2,1,153
BRDA:85,3,0,0
BRDA:85,3,1,153
BRDA:85,4,0,153
BRDA:85,4,1,153
BRDA:98,5,0,246
BRDA:98,5,1,250
BRDA:109,6,0,93
BRDA:109,6,1,403
BRF:15
BRH:12
end_of_record
TN:
SF:modules/qm.js
FN:14,getEssentialPrimeImplicants
FN:33,(anonymous_1)
FN:34,(anonymous_2)
FN:39,(anonymous_3)
FN:59,getPrimeImplicants
FN:119,buildPrimeImplicantTable
FN:127,(anonymous_6)
FN:137,initialEssentialPrimeImplicants
FN:154,getRemainingPrimeImplicants
FN:158,(anonymous_9)
FN:171,coverUnusedTerms
FN:173,(anonymous_11)
FN:180,(anonymous_12)
FN:182,(anonymous_13)
FN:186,(anonymous_14)
FN:199,createInitialGroups
FN:200,(anonymous_16)
FNF:17
FNH:3
FNDA:0,getEssentialPrimeImplicants
FNDA:0,(anonymous_1)
FNDA:0,(anonymous_2)
FNDA:0,(anonymous_3)
FNDA:20,getPrimeImplicants
FNDA:0,buildPrimeImplicantTable
FNDA:0,(anonymous_6)
FNDA:0,initialEssentialPrimeImplicants
FNDA:0,getRemainingPrimeImplicants
FNDA:0,(anonymous_9)
FNDA:0,coverUnusedTerms
FNDA:0,(anonymous_11)
FNDA:0,(anonymous_12)
FNDA:0,(anonymous_13)
FNDA:0,(anonymous_14)
FNDA:8,createInitialGroups
FNDA:40,(anonymous_16)
DA:15,0
DA:17,0
DA:19,0
DA:21,0
DA:23,0
DA:26,0
DA:27,0
DA:33,0
DA:34,0
DA:35,0
DA:39,0
DA:40,0
DA:43,0
DA:48,0
DA:53,0
DA:61,20
DA:62,4
DA:67,16
DA:68,16
DA:69,16
DA:70,16
DA:71,40
DA:75,16
DA:76,40
DA:77,40
DA:80,40
DA:81,72
DA:83,153
DA:88,153
DA:89,60
DA:90,60
DA:91,60
DA:92,50
DA:100,16
DA:101,56
DA:102,84
DA:103,17
DA:109,16
DA:110,27
DA:111,27
DA:115,16
DA:120,0
DA:122,0
DA:123,0
DA:125,0
DA:127,0
DA:128,0
DA:129,0
DA:134,0
DA:138,0
DA:141,0
DA:142,0
DA:143,0
DA:144,0
DA:145,0
DA:147,0
DA:151,0
DA:155,0
DA:157,0
DA:158,0
DA:159,0
DA:163,0
DA:168,0
DA:173,0
DA:174,0
DA:177,0
DA:179,0
DA:180,0
DA:181,0
DA:182,0
DA:186,0
DA:187,0
DA:190,0
DA:191,0
DA:200,40
DA:202,8
DA:203,68
DA:204,68
DA:205,68
DA:208,8
LF:80
LH:32
BRDA:26,0,0,0
BRDA:26,0,1,0
BRDA:61,1,0,4
BRDA:61,1,1,16
BRDA:88,2,0,60
BRDA:88,2,1,93
BRDA:91,3,0,50
BRDA:91,3,1,10
BRDA:102,4,0,17
BRDA:102,4,1,67
BRDA:102,5,0,84
BRDA:102,5,1,17
BRDA:110,6,0,27
BRDA:110,6,1,0
BRDA:110,7,0,27
BRDA:110,7,1,27
BRDA:128,8,0,0
BRDA:128,8,1,0
BRDA:142,9,0,0
BRDA:142,9,1,0
BRDA:144,10,0,0
BRDA:144,10,1,0
BRDA:159,11,0,0
BRDA:159,11,1,0
BRDA:160,12,0,0
BRDA:160,12,1,0
BRDA:190,13,0,0
BRDA:190,13,1,0
BRF:28
BRH:13
end_of_record
TN:
SF:modules/util.js
FN:8,decToBin
FN:12,getBits
FN:18,countOnesInBinary
FN:19,(anonymous_3)
FN:22,interleave
FN:23,(anonymous_5)
FN:32,valueIn
FN:47,getAllSubsets
FN:49,(anonymous_8)
FN:49,(anonymous_9)
FNF:10
FNH:4
FNDA:0,decToBin
FNDA:68,getBits
FNDA:68,countOnesInBinary
FNDA:272,(anonymous_3)
FNDA:0,interleave
FNDA:0,(anonymous_5)
FNDA:104,valueIn
FNDA:0,getAllSubsets
FNDA:0,(anonymous_8)
FNDA:0,(anonymous_9)
DA:9,0
DA:13,68
DA:14,78
DA:15,68
DA:19,272
DA:23,0
DA:33,104
DA:34,134
DA:35,0
DA:38,134
DA:39,134
DA:40,10
DA:44,94
DA:48,0
DA:49,0
LF:15
LH:10
BRDA:34,0,0,0
BRDA:34,0,1,134
BRDA:38,1,0,134
BRDA:38,1,1,0
BRDA:39,2,0,10
BRDA:39,2,1,124
BRF:6
BRH:4
end_of_record
