TN:
SF:modules/minterm.js
FN:11,(anonymous_0)
FN:22,(anonymous_1)
FN:30,(anonymous_2)
FN:38,(anonymous_3)
FN:47,(anonymous_4)
FN:54,(anonymous_5)
FN:61,(anonymous_6)
FN:68,(anonymous_7)
FN:72,(anonymous_8)
FN:79,(anonymous_9)
FN:88,(anonymous_10)
FNF:11
FNH:7
FNDA:128,(anonymous_0)
FNDA:0,(anonymous_1)
FNDA:134,(anonymous_2)
FNDA:40,(anonymous_3)
FNDA:0,(anonymous_4)
FNDA:0,(anonymous_5)
FNDA:111,(anonymous_6)
FNDA:120,(anonymous_7)
FNDA:0,(anonymous_8)
FNDA:153,(anonymous_9)
FNDA:158,(anonymous_10)
DA:12,128
DA:13,128
DA:14,128
DA:16,128
DA:23,0
DA:24,0
DA:31,134
DA:32,0
DA:35,134
DA:39,40
DA:48,0
DA:55,0
DA:62,111
DA:69,120
DA:73,0
DA:81,153
DA:82,0
DA:86,153
DA:89,158
DA:92,0
DA:96,153
DA:97,153
DA:100,153
DA:102,496
DA:103,246
DA:104,246
DA:109,250
DA:113,496
DA:114,93
DA:118,60
LF:30
LH:22
BRDA:31,0,0,0
BRDA:31,0,1,134
BRDA:36,1,0,134
BRDA:36,1,1,10
BRDA:36,1,2,10
BRDA:81,2,0,0
BRDA:81,2,1,153
BRDA:86,3,0,0
BRDA:86,3,1,153
BRDA:87,4,0,153
BRDA:87,4,1,153
BRDA:102,5,0,246
BRDA:102,5,1,250
BRDA:113,6,0,93
BRDA:113,6,1,403
BRF:15
BRH:12
end_of_record
TN:
SF:modules/qm.js
FN:14,getEssentialPrimeImplicants
FN:33,(anonymous_1)
FN:34,(anonymous_2)
FN:39,(anonymous_3)
FN:59,getPrimeImplicants
FN:122,buildPrimeImplicantTable
FN:130,(anonymous_6)
FN:143,initialEssentialPrimeImplicants
FN:163,getRemainingPrimeImplicants
FN:167,(anonymous_9)
FN:183,coverUnusedTerms
FN:185,(anonymous_11)
FN:192,(anonymous_12)
FN:194,(anonymous_13)
FN:198,(anonymous_14)
FN:211,createInitialGroups
FN:212,(anonymous_16)
FNF:17
FNH:3
FNDA:0,getEssentialPrimeImplicants
FNDA:0,(anonymous_1)
FNDA:0,(anonymous_2)
FNDA:0,(anonymous_3)
FNDA:20,getPrimeImplicants
FNDA:0,buildPrimeImplicantTable
FNDA:0,(anonymous_6)
FNDA:0,initialEssentialPrimeImplicants
FNDA:0,getRemainingPrimeImplicants
FNDA:0,(anonymous_9)
FNDA:0,coverUnusedTerms
FNDA:0,(anonymous_11)
FNDA:0,(anonymous_12)
FNDA:0,(anonymous_13)
FNDA:0,(anonymous_14)
FNDA:8,createInitialGroups
FNDA:40,(anonymous_16)
DA:15,0
DA:17,0
DA:19,0
DA:21,0
DA:23,0
DA:26,0
DA:27,0
DA:33,0
DA:34,0
DA:35,0
DA:39,0
DA:40,0
DA:43,0
DA:48,0
DA:53,0
DA:61,20
DA:62,4
DA:67,16
DA:68,16
DA:69,16
DA:70,16
DA:71,40
DA:75,16
DA:76,40
DA:77,40
DA:80,40
DA:81,72
DA:83,153
DA:88,153
DA:89,60
DA:90,60
DA:91,60
DA:92,50
DA:100,16
DA:101,56
DA:102,84
DA:103,17
DA:109,16
DA:110,27
DA:111,27
DA:115,16
DA:123,0
DA:125,0
DA:126,0
DA:128,0
DA:130,0
DA:131,0
DA:132,0
DA:137,0
DA:144,0
DA:147,0
DA:148,0
DA:149,0
DA:150,0
DA:151,0
DA:153,0
DA:157,0
DA:164,0
DA:166,0
DA:167,0
DA:168,0
DA:172,0
DA:177,0
DA:185,0
DA:186,0
DA:189,0
DA:191,0
DA:192,0
DA:193,0
DA:194,0
DA:198,0
DA:199,0
DA:202,0
DA:203,0
DA:212,40
DA:214,8
DA:215,68
DA:216,68
DA:217,68
DA:220,8
LF:80
LH:32
BRDA:26,0,0,0
BRDA:26,0,1,0
BRDA:61,1,0,4
BRDA:61,1,1,16
BRDA:88,2,0,60
BRDA:88,2,1,93
BRDA:91,3,0,50
BRDA:91,3,1,10
BRDA:102,4,0,17
BRDA:102,4,1,67
BRDA:102,5,0,84
BRDA:102,5,1,17
BRDA:110,6,0,27
BRDA:110,6,1,0
BRDA:110,7,0,27
BRDA:110,7,1,27
BRDA:131,8,0,0
BRDA:131,8,1,0
BRDA:148,9,0,0
BRDA:148,9,1,0
BRDA:150,10,0,0
BRDA:150,10,1,0
BRDA:168,11,0,0
BRDA:168,11,1,0
BRDA:169,12,0,0
BRDA:169,12,1,0
BRDA:202,13,0,0
BRDA:202,13,1,0
BRF:28
BRH:13
end_of_record
TN:
SF:modules/util.js
FN:6,getBits
FN:15,decToBin
FN:22,countOnesInBinary
FN:23,(anonymous_3)
FN:29,interleave
FN:30,(anonymous_5)
FN:36,valueIn
FN:54,getAllSubsets
FN:56,(anonymous_8)
FN:56,(anonymous_9)
FNF:10
FNH:4
FNDA:68,getBits
FNDA:0,decToBin
FNDA:68,countOnesInBinary
FNDA:272,(anonymous_3)
FNDA:0,interleave
FNDA:0,(anonymous_5)
FNDA:104,valueIn
FNDA:0,getAllSubsets
FNDA:0,(anonymous_8)
FNDA:0,(anonymous_9)
DA:7,68
DA:8,78
DA:9,68
DA:16,0
DA:23,272
DA:30,0
DA:37,104
DA:38,134
DA:39,0
DA:42,134
DA:43,134
DA:44,10
DA:48,94
DA:55,0
DA:56,0
LF:15
LH:10
BRDA:38,0,0,0
BRDA:38,0,1,134
BRDA:42,1,0,134
BRDA:42,1,1,0
BRDA:43,2,0,10
BRDA:43,2,1,124
BRF:6
BRH:4
end_of_record
